<?xml version="1.0" encoding="UTF-8"?>
<!-- Generated by org.testng.reporters.JUnitXMLReporter -->
<testsuite hostname="DESKTOP-68LHO35" ignored="0" name="Regression validate title Test" tests="1" failures="1" timestamp="11 Apr 2019 16:12:44 GMT" time="0.023" errors="0">
  <testcase name="validateTitles" time="0.012" classname="Regression.TestCase2">
    <failure type="java.lang.AssertionError" message="The following asserts failed:
	expected [Yahoo.com] but found [Gmail.com],
	image not present expected [false] but found [true],
	this is going to be failed test case,
	Text box not present expected [false] but found [true]">
      <![CDATA[java.lang.AssertionError: The following asserts failed:
expected [Yahoo.com] but found [Gmail.com],
image not present expected [false] but found [true],
this is going to be failed test case,
Text box not present expected [false] but found [true]
at Regression.TestCase2.validateTitles(TestCase2.java:37)
... Removed 26 stack frames]]>
    </failure>
  </testcase> <!-- validateTitles -->
</testsuite> <!-- Regression validate title Test -->
