<?xml version="1.0" encoding="UTF-8"?>
<!-- Generated by org.testng.reporters.JUnitXMLReporter -->
<testsuite hostname="DESKTOP-68LHO35" ignored="0" name="Validate Title Test" tests="1" failures="1" timestamp="12 Apr 2019 17:46:38 GMT" time="0.015" errors="0">
  <testcase name="validateTitles" time="0.015" classname="TestNGLearning.TestCase2">
    <failure type="java.lang.AssertionError" message="The following asserts failed:
	expected [Yahoo.com] but found [Gmail.com],
	image not present expected [false] but found [true],
	this is going to be failed test case,
	Text box not present expected [false] but found [true]">
      <![CDATA[java.lang.AssertionError: The following asserts failed:
expected [Yahoo.com] but found [Gmail.com],
image not present expected [false] but found [true],
this is going to be failed test case,
Text box not present expected [false] but found [true]
at TestNGLearning.TestCase2.validateTitles(TestCase2.java:37)
... Removed 26 stack frames]]>
    </failure>
  </testcase> <!-- validateTitles -->
</testsuite> <!-- Validate Title Test -->
